<?xml version="1.0" encoding="UTF-8"?>
<testng-results skipped="0" failed="0" total="1" passed="1">
  <reporter-output>
  </reporter-output>
  <suite name="Default suite" duration-ms="31570" started-at="2016-04-22T22:16:50Z" finished-at="2016-04-22T22:17:22Z">
    <groups>
    </groups>
    <test name="Default test" duration-ms="31570" started-at="2016-04-22T22:16:50Z" finished-at="2016-04-22T22:17:22Z">
      <class name="FacebookPOM.VerifyLogin">
        <test-method status="PASS" signature="setUp()[pri:0, instance:FacebookPOM.VerifyLogin@3f3afe78]" name="setUp" is-config="true" duration-ms="14715" started-at="2016-04-22T15:16:51Z" finished-at="2016-04-22T15:17:05Z">
          <reporter-output>
          </reporter-output>
        </test-method> <!-- setUp -->
        <test-method status="PASS" signature="loginFacebook()[pri:0, instance:FacebookPOM.VerifyLogin@3f3afe78]" name="loginFacebook" duration-ms="16803" started-at="2016-04-22T15:17:05Z" finished-at="2016-04-22T15:17:22Z">
          <reporter-output>
          </reporter-output>
        </test-method> <!-- loginFacebook -->
      </class> <!-- FacebookPOM.VerifyLogin -->
    </test> <!-- Default test -->
  </suite> <!-- Default suite -->
</testng-results>
